Arguments: 
  C:\Program Files\nodejs\node.exe C:\Users\rskat\AppData\Roaming\npm\node_modules\yarn\bin\yarn.js add expo

PATH: 
  C:\Program Files (x86)\Common Files\Oracle\Java\javapath;C:\WINDOWS\system32;C:\WINDOWS;C:\WINDOWS\System32\Wbem;C:\WINDOWS\System32\WindowsPowerShell\v1.0\;C:\WINDOWS\System32\OpenSSH\;C:\Program Files\Git\cmd;C:\Program Files\MATLAB\R2022a\bin;C:\Program Files\dotnet\;C:\Program Files (x86)\Microsoft SQL Server\160\Tools\Binn\;C:\Program Files\Microsoft SQL Server\160\Tools\Binn\;C:\Program Files\Microsoft SQL Server\Client SDK\ODBC\170\Tools\Binn\;C:\Program Files\Microsoft SQL Server\160\DTS\Binn\;C:\Program Files\nodejs\;C:\Users\rskat\AppData\Local\Programs\Python\Python38-32\Scripts\;C:\Users\rskat\AppData\Local\Programs\Python\Python38-32\;C:\Users\rskat\AppData\Local\Microsoft\WindowsApps;;C:\Users\rskat\AppData\Local\Programs\Microsoft VS Code\bin;C:\Users\rskat\.dotnet\tools;C:\Users\rskat\AppData\Roaming\npm

Yarn version: 
  1.22.19

Node version: 
  18.15.0

Platform: 
  win32 x64

Trace: 
  Error: EPERM: operation not permitted, copyfile 'C:\Users\rskat\AppData\Local\Yarn\Cache\v6\npm-query-string-6.14.1-7ac2dca46da7f309449ba0f86b1fd28255b0c86a-integrity\node_modules\query-string\index.d.ts' -> 'C:\Users\rskat\OneDrive\Documents\Team15\ProduHacksT15\node_modules\query-string\index.d.ts'

npm manifest: 
  {
    "name": "produhackst15",
    "version": "1.0.0",
    "main": "node_modules/expo/AppEntry.js",
    "scripts": {
      "start": "expo start",
      "android": "expo start --android",
      "ios": "expo start --ios",
      "web": "expo start --web"
    },
    "dependencies": {
      "@react-native-async-storage/async-storage": "^1.18.1",
      "@react-navigation/native": "^6.1.6",
      "@react-navigation/native-stack": "^6.9.12",
      "axios": "^1.3.4",
      "expo": "^48.0.9",
      "expo-camera": "~13.2.1",
      "expo-permissions": "~14.1.1",
      "expo-status-bar": "~1.4.4",
      "firebase": "^9.19.1",
      "react": "18.2.0",
      "react-native": "^0.71.4",
      "react-native-paper": "^5.5.2",
      "react-navigation": "^4.4.4",
      "expo-speech": "~11.1.1"
    },
    "devDependencies": {
      "@babel/core": "^7.20.0"
    },
    "private": true
  }

yarn manifest: 
  No manifest

Lockfile: 
  No lockfile
